2023.06.16 15:00:11 INFO  Started: Metals version 0.11.12 in workspace '/home/abhinavpandey/Github/Bigdata-Analysis' for client Visual Studio Code 1.78.2.[0m
Jun 16, 2023 3:00:11 PM org.flywaydb.core.internal.license.VersionPrinter printVersionOnly
INFO: Flyway Community Edition 9.16.3 by Redgate
Jun 16, 2023 3:00:11 PM org.flywaydb.core.internal.license.VersionPrinter printVersion
INFO: See release notes here: https://rd.gt/416ObMi
Jun 16, 2023 3:00:11 PM org.flywaydb.core.internal.license.VersionPrinter printVersion
INFO: 
Jun 16, 2023 3:00:12 PM org.flywaydb.core.internal.database.base.BaseDatabaseType createDatabase
INFO: Database: jdbc:h2:file:/home/abhinavpandey/Github/Bigdata-Analysis/.metals/metals (H2 2.1)
Jun 16, 2023 3:00:12 PM org.flywaydb.core.internal.schemahistory.JdbcTableSchemaHistory allAppliedMigrations
INFO: Schema history table "PUBLIC"."flyway_schema_history" does not exist yet
Jun 16, 2023 3:00:12 PM org.flywaydb.core.internal.command.DbValidate validate
INFO: Successfully validated 4 migrations (execution time 00:00.014s)
Jun 16, 2023 3:00:12 PM org.flywaydb.core.internal.schemahistory.JdbcTableSchemaHistory create
INFO: Creating Schema History table "PUBLIC"."flyway_schema_history" ...
Jun 16, 2023 3:00:12 PM org.flywaydb.core.internal.command.DbMigrate migrateGroup
INFO: Current version of schema "PUBLIC": << Empty Schema >>
Jun 16, 2023 3:00:12 PM org.flywaydb.core.internal.command.DbMigrate doMigrateGroup
INFO: Migrating schema "PUBLIC" to version "1 - Create tables"
Jun 16, 2023 3:00:12 PM org.flywaydb.core.internal.command.DbMigrate doMigrateGroup
INFO: Migrating schema "PUBLIC" to version "2 - Server discovery"
Jun 16, 2023 3:00:12 PM org.flywaydb.core.internal.command.DbMigrate doMigrateGroup
INFO: Migrating schema "PUBLIC" to version "3 - Jar symbols"
Jun 16, 2023 3:00:12 PM org.flywaydb.core.internal.command.DbMigrate doMigrateGroup
INFO: Migrating schema "PUBLIC" to version "4 - Fingerprints"
Jun 16, 2023 3:00:12 PM org.flywaydb.core.internal.command.DbMigrate logSummary
INFO: Successfully applied 4 migrations to schema "PUBLIC", now at version v4 (execution time 00:00.054s)
2023.06.16 15:00:12 INFO  time: initialize in 0.46s[0m
2023.06.17 10:11:35 INFO  Started: Metals version 0.11.12 in workspace '/home/abhinavpandey/Github/Bigdata-Analysis' for client Visual Studio Code 1.78.2.[0m
Jun 17, 2023 10:11:36 AM org.flywaydb.core.internal.license.VersionPrinter printVersionOnly
INFO: Flyway Community Edition 9.16.3 by Redgate
Jun 17, 2023 10:11:36 AM org.flywaydb.core.internal.license.VersionPrinter printVersion
INFO: See release notes here: https://rd.gt/416ObMi
Jun 17, 2023 10:11:36 AM org.flywaydb.core.internal.license.VersionPrinter printVersion
INFO: 
Jun 17, 2023 10:11:40 AM org.flywaydb.core.internal.database.base.BaseDatabaseType createDatabase
INFO: Database: jdbc:h2:file:/home/abhinavpandey/Github/Bigdata-Analysis/.metals/metals (H2 2.1)
Jun 17, 2023 10:11:40 AM org.flywaydb.core.internal.command.DbValidate validate
INFO: Successfully validated 4 migrations (execution time 00:00.027s)
Jun 17, 2023 10:11:40 AM org.flywaydb.core.internal.command.DbMigrate migrateGroup
INFO: Current version of schema "PUBLIC": 4
Jun 17, 2023 10:11:40 AM org.flywaydb.core.internal.command.DbMigrate logSummary
INFO: Schema "PUBLIC" is up to date. No migration necessary.
2023.06.17 10:11:40 INFO  time: initialize in 4.49s[0m
2023.06.17 10:11:43 WARN  Build server is not auto-connectable.[0m
Jun 17, 2023 10:11:43 AM org.eclipse.lsp4j.jsonrpc.RemoteEndpoint handleCancellation
WARNING: Unmatched cancel notification for request id 1
2023.06.17 10:11:43 WARN  no build tool detected in workspace '/home/abhinavpandey/Github/Bigdata-Analysis'. The most common cause for this problem is that the editor was opened in the wrong working directory, for example if you use sbt then the workspace directory should contain build.sbt. [0m
2023.06.17 10:11:43 WARN  no build target for: /home/abhinavpandey/Github/Bigdata-Analysis/Problems/qno1.scala[0m
2023.06.17 10:13:14 INFO  no build target found for /home/abhinavpandey/Github/Bigdata-Analysis/Problems/qno1.scala. Using presentation compiler with project's scala-library version: 3.2.2[0m
2023.06.17 10:13:16 INFO  time: code lens generation in 1m5s[0m
2023.06.17 10:13:16 INFO  time: code lens generation in 1m28s[0m
2023.06.17 10:13:16 INFO  time: code lens generation in 1m33s[0m
2023.06.17 10:13:16 INFO  time: code lens generation in 44s[0m
2023.06.17 10:13:59 WARN  no build target for: /home/abhinavpandey/Github/Bigdata-Analysis/Problems/qno2.scala[0m
2023.06.17 10:14:14 WARN  no build target for: /home/abhinavpandey/Github/Bigdata-Analysis/Problems/qno2.scala[0m
2023.06.17 10:16:30 WARN  no build target for: /home/abhinavpandey/Github/Bigdata-Analysis/Problems/qno3.scala[0m
2023.06.17 10:16:35 WARN  no build target for: /home/abhinavpandey/Github/Bigdata-Analysis/Problems/qno3.scala[0m
2023.06.17 10:16:57 WARN  no build target for: /home/abhinavpandey/Github/Bigdata-Analysis/Problems/qno3.scala[0m
2023.06.17 10:18:51 WARN  no build target for: /home/abhinavpandey/Github/Bigdata-Analysis/Problems/qno4.scala[0m
2023.06.17 10:19:03 WARN  no build target for: /home/abhinavpandey/Github/Bigdata-Analysis/Problems/qno4.scala[0m
2023.06.17 10:20:53 WARN  no build target for: /home/abhinavpandey/Github/Bigdata-Analysis/Problems/qno5.scala[0m
2023.06.17 10:20:56 WARN  no build target for: /home/abhinavpandey/Github/Bigdata-Analysis/Problems/qno5.scala[0m
2023.06.17 10:24:21 WARN  no build target for: /home/abhinavpandey/Github/Bigdata-Analysis/Problems/qno6.scala[0m
2023.06.17 10:24:24 WARN  no build target for: /home/abhinavpandey/Github/Bigdata-Analysis/Problems/qno6.scala[0m
2023.06.17 10:25:54 WARN  no build target for: /home/abhinavpandey/Github/Bigdata-Analysis/Problems/qno7.scala[0m
2023.06.17 10:26:05 WARN  no build target for: /home/abhinavpandey/Github/Bigdata-Analysis/Problems/qno7.scala[0m
2023.06.17 10:27:43 WARN  no build target for: /home/abhinavpandey/Github/Bigdata-Analysis/Problems/qno8.scala[0m
2023.06.17 10:27:47 WARN  no build target for: /home/abhinavpandey/Github/Bigdata-Analysis/Problems/qno8.scala[0m
2023.06.17 10:27:59 WARN  no build target for: /home/abhinavpandey/Github/Bigdata-Analysis/Problems/qno8.scala[0m
2023.06.17 10:29:23 WARN  no build target for: /home/abhinavpandey/Github/Bigdata-Analysis/Problems/qno9.scala[0m
2023.06.17 10:29:29 WARN  no build target for: /home/abhinavpandey/Github/Bigdata-Analysis/Problems/qno9.scala[0m
2023.06.17 10:29:51 WARN  no build target for: /home/abhinavpandey/Github/Bigdata-Analysis/Problems/qno9.scala[0m
2023.06.17 10:30:11 WARN  no build target for: /home/abhinavpandey/Github/Bigdata-Analysis/Problems/qno9.scala[0m
2023.06.17 10:32:57 WARN  no build target for: /home/abhinavpandey/Github/Bigdata-Analysis/Problems/qno10.scala[0m
2023.06.17 10:33:02 WARN  no build target for: /home/abhinavpandey/Github/Bigdata-Analysis/Problems/qno10.scala[0m
